{
  "0 debug pnpm:scope": {
    "selected": 1
  },
  "1 error pnpm": {
    "errno": 1,
    "code": "ELIFECYCLE",
    "pkgid": "zj-admin@1.0.0",
    "stage": "clean:lib",
    "script": "rimraf node_modules",
    "pkgname": "zj-admin",
    "err": {
      "name": "pnpm",
      "message": "zj-admin@1.0.0 clean:lib: `rimraf node_modules`\nExit status 1",
      "code": "ELIFECYCLE",
      "stack": "pnpm: zj-admin@1.0.0 clean:lib: `rimraf node_modules`\nExit status 1\n    at EventEmitter.<anonymous> (D:\\Nvm\\v16.10.0\\node_modules\\pnpm\\dist\\pnpm.cjs:108597:20)\n    at EventEmitter.emit (node:events:390:28)\n    at ChildProcess.<anonymous> (D:\\Nvm\\v16.10.0\\node_modules\\pnpm\\dist\\pnpm.cjs:95163:18)\n    at ChildProcess.emit (node:events:390:28)\n    at maybeClose (node:internal/child_process:1064:16)\n    at Process.ChildProcess._handle.onexit (node:internal/child_process:301:5)"
    }
  },
  "2 warn pnpm:global": " Local package.json exists, but node_modules missing, did you mean to install?"
}